build/app/intermediates/manifest_merge_blame_file/debug/manifest-merger-blame-debug-report.txt
1<?xml version="1.0" encoding="utf-8"?>
2<manifest xmlns:android="http://schemas.android.com/apk/res/android"
3    package="com.example.poc_bloc"
4    android:versionCode="1"
5    android:versionName="1.0.0" >
6
7    <uses-sdk
8        android:minSdkVersion="21"
9        android:targetSdkVersion="31" />
10    <!--
11         The INTERNET permission is required for development. Specifically,
12         the Flutter tool needs it to communicate with the running application
13         to allow setting breakpoints, to provide hot reload, etc.
14    -->
15    <uses-permission android:name="android.permission.INTERNET" />
15-->src/debug/AndroidManifest.xml:7:5-66
15-->src/debug/AndroidManifest.xml:7:22-64
16    <uses-permission android:name="android.permission.ACCESS_FINE_LOCATION" />
16-->src/main/AndroidManifest.xml:4:5-79
16-->src/main/AndroidManifest.xml:4:22-76
17    <uses-permission android:name="android.permission.ACCESS_COARSE_LOCATION" />
17-->src/main/AndroidManifest.xml:5:5-81
17-->src/main/AndroidManifest.xml:5:22-78
18    <uses-permission android:name="android.permission.ACCESS_BACKGROUND_LOCATION" />
18-->src/main/AndroidManifest.xml:6:5-85
18-->src/main/AndroidManifest.xml:6:22-82
19    <uses-permission android:name="android.permission.FOREGROUND_SERVICE" />
19-->src/main/AndroidManifest.xml:7:5-77
19-->src/main/AndroidManifest.xml:7:22-74
20    <uses-permission android:name="android.permission.WAKE_LOCK" />
20-->src/main/AndroidManifest.xml:8:5-68
20-->src/main/AndroidManifest.xml:8:22-65
21    <uses-permission android:name="android.permission.SYSTEM_ALERT_WINDOW" />
21-->src/main/AndroidManifest.xml:9:5-78
21-->src/main/AndroidManifest.xml:9:22-75
22    <uses-permission android:name="android.permission.ACTIVITY_RECOGNITION" />
22-->src/main/AndroidManifest.xml:10:5-79
22-->src/main/AndroidManifest.xml:10:22-76
23    <uses-permission android:name="android.permission.RECEIVE_BOOT_COMPLETED" />
23-->src/main/AndroidManifest.xml:11:5-81
23-->src/main/AndroidManifest.xml:11:22-78
24    <uses-permission android:name="com.google.android.gms.permission.ACTIVITY_RECOGNITION" />
24-->src/main/AndroidManifest.xml:12:5-94
24-->src/main/AndroidManifest.xml:12:22-91
25    <uses-permission android:name="android.permission.VIBRATE" />
25-->[:flutter_local_notifications] AndroidManifest.xml:10:5-66
25-->[:flutter_local_notifications] AndroidManifest.xml:10:22-63
26    <uses-permission android:name="android.permission.USE_FULL_SCREEN_INTENT" />
26-->[:flutter_local_notifications] AndroidManifest.xml:11:5-81
26-->[:flutter_local_notifications] AndroidManifest.xml:11:22-78
27    <uses-permission android:name="android.permission.SCHEDULE_EXACT_ALARM" />
27-->[:flutter_local_notifications] AndroidManifest.xml:12:5-79
27-->[:flutter_local_notifications] AndroidManifest.xml:12:22-76
28    <uses-permission android:name="android.permission.POST_NOTIFICATIONS" />
28-->[:flutter_local_notifications] AndroidManifest.xml:13:5-77
28-->[:flutter_local_notifications] AndroidManifest.xml:13:22-74
29    <uses-permission android:name="android.permission.ACCESS_NETWORK_STATE" />
29-->[:connectivity_plus] AndroidManifest.xml:9:5-79
29-->[:connectivity_plus] AndroidManifest.xml:9:22-76
30
31    <application
32        android:name="android.app.Application"
33        android:appComponentFactory="androidx.core.app.CoreComponentFactory"
33-->[androidx.core:core:1.6.0] AndroidManifest.xml:24:18-86
34        android:debuggable="true"
35        android:icon="@mipmap/ic_launcher"
36        android:label="poc_bloc" >
37
38        <!-- <service -->
39        <!-- android:name="com.example.poc_bloc.service.ForegroundService" -->
40        <!-- android:foregroundServiceType="location" -->
41        <!-- android:stopWithTask="true" /> -->
42        <activity
43            android:name="com.example.poc_bloc.MainActivity"
44            android:configChanges="orientation|keyboardHidden|keyboard|screenSize|smallestScreenSize|locale|layoutDirection|fontScale|screenLayout|density|uiMode"
45            android:exported="true"
46            android:hardwareAccelerated="true"
47            android:launchMode="singleTop"
48            android:theme="@style/LaunchTheme"
49            android:windowSoftInputMode="adjustResize" >
50
51            <!--
52                 Specifies an Android theme to apply to this Activity as soon as
53                 the Android process has started. This theme is visible to the user
54                 while the Flutter UI initializes. After that, this theme continues
55                 to determine the Window background behind the Flutter UI.
56            -->
57            <meta-data
58                android:name="io.flutter.embedding.android.NormalTheme"
59                android:resource="@style/NormalTheme" />
60
61            <intent-filter>
62                <action android:name="android.intent.action.MAIN" />
63
64                <category android:name="android.intent.category.LAUNCHER" />
65            </intent-filter>
66        </activity>
67        <!--
68             Don't delete the meta-data below.
69             This is used by the Flutter tool to generate GeneratedPluginRegistrant.java
70        -->
71        <meta-data
72            android:name="flutterEmbedding"
73            android:value="2" />
74
75        <service
75-->[:fl_location] AndroidManifest.xml:13:9-17:72
76            android:name="com.pravera.fl_location.service.LocationServicesStatusIntentService"
76-->[:fl_location] AndroidManifest.xml:14:13-95
77            android:enabled="true"
77-->[:fl_location] AndroidManifest.xml:15:13-35
78            android:exported="false"
78-->[:fl_location] AndroidManifest.xml:16:13-37
79            android:permission="android.permission.BIND_JOB_SERVICE" />
79-->[:fl_location] AndroidManifest.xml:17:13-69
80
81        <receiver
81-->[:flutter_local_notifications] AndroidManifest.xml:16:9-18:40
82            android:name="com.dexterous.flutterlocalnotifications.ActionBroadcastReceiver"
82-->[:flutter_local_notifications] AndroidManifest.xml:17:13-91
83            android:exported="false" />
83-->[:flutter_local_notifications] AndroidManifest.xml:18:13-37
84        <receiver
84-->[:flutter_local_notifications] AndroidManifest.xml:19:9-21:40
85            android:name="com.dexterous.flutterlocalnotifications.ScheduledNotificationReceiver"
85-->[:flutter_local_notifications] AndroidManifest.xml:20:13-97
86            android:exported="false" />
86-->[:flutter_local_notifications] AndroidManifest.xml:21:13-37
87        <receiver
87-->[:flutter_local_notifications] AndroidManifest.xml:22:9-31:20
88            android:name="com.dexterous.flutterlocalnotifications.ScheduledNotificationBootReceiver"
88-->[:flutter_local_notifications] AndroidManifest.xml:23:13-101
89            android:exported="false" >
89-->[:flutter_local_notifications] AndroidManifest.xml:24:13-37
90            <intent-filter>
90-->[:flutter_local_notifications] AndroidManifest.xml:25:13-30:29
91                <action android:name="android.intent.action.BOOT_COMPLETED" />
91-->[:flutter_local_notifications] AndroidManifest.xml:26:17-79
91-->[:flutter_local_notifications] AndroidManifest.xml:26:25-76
92                <action android:name="android.intent.action.MY_PACKAGE_REPLACED" />
92-->[:flutter_local_notifications] AndroidManifest.xml:27:17-84
92-->[:flutter_local_notifications] AndroidManifest.xml:27:25-81
93                <action android:name="android.intent.action.QUICKBOOT_POWERON" />
93-->[:flutter_local_notifications] AndroidManifest.xml:28:17-82
93-->[:flutter_local_notifications] AndroidManifest.xml:28:25-79
94                <action android:name="com.htc.intent.action.QUICKBOOT_POWERON" />
94-->[:flutter_local_notifications] AndroidManifest.xml:29:17-82
94-->[:flutter_local_notifications] AndroidManifest.xml:29:25-79
95            </intent-filter>
96        </receiver>
97        <receiver
97-->[:flutter_foreground_task] AndroidManifest.xml:10:9-17:20
98            android:name="com.pravera.flutter_foreground_task.service.BootReceiver"
98-->[:flutter_foreground_task] AndroidManifest.xml:11:13-84
99            android:enabled="true"
99-->[:flutter_foreground_task] AndroidManifest.xml:12:13-35
100            android:exported="true" >
100-->[:flutter_foreground_task] AndroidManifest.xml:13:13-36
101            <intent-filter>
101-->[:flutter_foreground_task] AndroidManifest.xml:14:13-16:29
102                <action android:name="android.intent.action.BOOT_COMPLETED" />
102-->[:flutter_local_notifications] AndroidManifest.xml:26:17-79
102-->[:flutter_local_notifications] AndroidManifest.xml:26:25-76
103            </intent-filter>
104        </receiver>
105        <receiver
105-->[:flutter_foreground_task] AndroidManifest.xml:18:9-21:40
106            android:name="com.pravera.flutter_foreground_task.service.RestartReceiver"
106-->[:flutter_foreground_task] AndroidManifest.xml:19:13-87
107            android:enabled="true"
107-->[:flutter_foreground_task] AndroidManifest.xml:20:13-35
108            android:exported="false" />
108-->[:flutter_foreground_task] AndroidManifest.xml:21:13-37
109
110        <service
110-->[:flutter_background_service_android] AndroidManifest.xml:14:9-18:44
111            android:name="id.flutter.flutter_background_service.BackgroundService"
111-->[:flutter_background_service_android] AndroidManifest.xml:15:13-83
112            android:enabled="true"
112-->[:flutter_background_service_android] AndroidManifest.xml:16:13-35
113            android:exported="true"
113-->[:flutter_background_service_android] AndroidManifest.xml:17:13-36
114            android:stopWithTask="false" />
114-->[:flutter_background_service_android] AndroidManifest.xml:18:13-41
115
116        <receiver
116-->[:flutter_background_service_android] AndroidManifest.xml:20:9-23:39
117            android:name="id.flutter.flutter_background_service.WatchdogReceiver"
117-->[:flutter_background_service_android] AndroidManifest.xml:21:13-82
118            android:enabled="true"
118-->[:flutter_background_service_android] AndroidManifest.xml:22:13-35
119            android:exported="true" />
119-->[:flutter_background_service_android] AndroidManifest.xml:23:13-36
120        <receiver
120-->[:flutter_background_service_android] AndroidManifest.xml:24:9-32:20
121            android:name="id.flutter.flutter_background_service.BootReceiver"
121-->[:flutter_background_service_android] AndroidManifest.xml:25:13-78
122            android:enabled="true"
122-->[:flutter_background_service_android] AndroidManifest.xml:26:13-35
123            android:exported="true" >
123-->[:flutter_background_service_android] AndroidManifest.xml:27:13-36
124            <intent-filter>
124-->[:flutter_background_service_android] AndroidManifest.xml:28:13-31:29
125                <action android:name="android.intent.action.BOOT_COMPLETED" />
125-->[:flutter_local_notifications] AndroidManifest.xml:26:17-79
125-->[:flutter_local_notifications] AndroidManifest.xml:26:25-76
126                <action android:name="android.intent.action.QUICKBOOT_POWERON" />
126-->[:flutter_local_notifications] AndroidManifest.xml:28:17-82
126-->[:flutter_local_notifications] AndroidManifest.xml:28:25-79
127            </intent-filter>
128        </receiver>
129
130        <service
130-->[:location] AndroidManifest.xml:13:9-17:56
131            android:name="com.lyokone.location.FlutterLocationService"
131-->[:location] AndroidManifest.xml:14:13-71
132            android:enabled="true"
132-->[:location] AndroidManifest.xml:15:13-35
133            android:exported="false"
133-->[:location] AndroidManifest.xml:16:13-37
134            android:foregroundServiceType="location" />
134-->[:location] AndroidManifest.xml:17:13-53
135
136        <uses-library
136-->[androidx.window:window:1.0.0-beta04] AndroidManifest.xml:25:9-27:40
137            android:name="androidx.window.extensions"
137-->[androidx.window:window:1.0.0-beta04] AndroidManifest.xml:26:13-54
138            android:required="false" />
138-->[androidx.window:window:1.0.0-beta04] AndroidManifest.xml:27:13-37
139        <uses-library
139-->[androidx.window:window:1.0.0-beta04] AndroidManifest.xml:28:9-30:40
140            android:name="androidx.window.sidecar"
140-->[androidx.window:window:1.0.0-beta04] AndroidManifest.xml:29:13-51
141            android:required="false" />
141-->[androidx.window:window:1.0.0-beta04] AndroidManifest.xml:30:13-37
142
143        <activity
143-->[com.google.android.gms:play-services-base:17.5.0] AndroidManifest.xml:23:9-26:75
144            android:name="com.google.android.gms.common.api.GoogleApiActivity"
144-->[com.google.android.gms:play-services-base:17.5.0] AndroidManifest.xml:24:13-79
145            android:exported="false"
145-->[com.google.android.gms:play-services-base:17.5.0] AndroidManifest.xml:25:13-37
146            android:theme="@android:style/Theme.Translucent.NoTitleBar" />
146-->[com.google.android.gms:play-services-base:17.5.0] AndroidManifest.xml:26:13-72
147
148        <meta-data
148-->[com.google.android.gms:play-services-basement:17.5.0] AndroidManifest.xml:23:9-25:69
149            android:name="com.google.android.gms.version"
149-->[com.google.android.gms:play-services-basement:17.5.0] AndroidManifest.xml:24:13-58
150            android:value="@integer/google_play_services_version" />
150-->[com.google.android.gms:play-services-basement:17.5.0] AndroidManifest.xml:25:13-66
151    </application>
152
153</manifest>